<html>
<head>
<title>TestNG:  Default test</title>
<link href="../testng.css" rel="stylesheet" type="text/css" />
<link href="../my-testng.css" rel="stylesheet" type="text/css" />

<style type="text/css">
.log { display: none;} 
.stack-trace { display: none;} 
</style>
<script type="text/javascript">
<!--
function flip(e) {
  current = e.style.display;
  if (current == 'block') {
    e.style.display = 'none';
    return 0;
  }
  else {
    e.style.display = 'block';
    return 1;
  }
}

function toggleBox(szDivId, elem, msg1, msg2)
{
  var res = -1;  if (document.getElementById) {
    res = flip(document.getElementById(szDivId));
  }
  else if (document.all) {
    // this is the way old msie versions work
    res = flip(document.all[szDivId]);
  }
  if(elem) {
    if(res == 0) elem.innerHTML = msg1; else elem.innerHTML = msg2;
  }

}

function toggleAllBoxes() {
  if (document.getElementsByTagName) {
    d = document.getElementsByTagName('div');
    for (i = 0; i < d.length; i++) {
      if (d[i].className == 'log') {
        flip(d[i]);
      }
    }
  }
}

// -->
</script>

</head>
<body>
<h2 align='center'>Default test</h2><table border='1' align="center">
<tr>
<td>Tests passed/Failed/Skipped:</td><td>0/0/1</td>
</tr><tr>
<td>Started on:</td><td>Thu Jun 29 14:29:17 IST 2017</td>
</tr>
<tr><td>Total time:</td><td>47 seconds (47468 ms)</td>
</tr><tr>
<td>Included groups:</td><td></td>
</tr><tr>
<td>Excluded groups:</td><td></td>
</tr>
</table><p/>
<small><i>(Hover the method name to see the test class name)</i></small><p/>
<table width='100%' border='1' class='invocation-failed'>
<tr><td colspan='4' align='center'><b>FAILED CONFIGURATIONS</b></td></tr>
<tr><td><b>Test method</b></td>
<td width="30%"><b>Exception</b></td>
<td width="10%"><b>Time (seconds)</b></td>
<td><b>Instance</b></td>
</tr>
<tr>
<td title='test.ToolsDemoTest.setUp()'><b>setUp</b><br>Test class: test.ToolsDemoTest</td>
<td><div><pre>org.openqa.selenium.WebDriverException: Failed to connect to binary FirefoxBinary(C:\Program Files (x86)\Mozilla Firefox\firefox.exe) on port 7055; process output follows: 
down blocker for XPIProvider
1498726760330	addons.manager	DEBUG	Provider finished startup: XPIProvider
1498726760330	addons.manager	DEBUG	Starting provider: LightweightThemeManager
1498726760330	addons.manager	DEBUG	Registering shutdown blocker for LightweightThemeManager
1498726760331	addons.manager	DEBUG	Provider finished startup: LightweightThemeManager
1498726760331	addons.manager	DEBUG	Starting provider: GMPProvider
1498726760336	addons.manager	DEBUG	Registering shutdown blocker for GMPProvider
1498726760337	addons.manager	DEBUG	Provider finished startup: GMPProvider
1498726760337	addons.manager	DEBUG	Starting provider: PluginProvider
1498726760337	addons.manager	DEBUG	Registering shutdown blocker for PluginProvider
1498726760337	addons.manager	DEBUG	Provider finished startup: PluginProvider
1498726760338	addons.manager	DEBUG	Completed startup sequence
1498726763608	addons.manager	DEBUG	Starting provider: &lt;unnamed-provider&gt;
1498726763608	addons.manager	DEBUG	Registering shutdown blocker for &lt;unnamed-provider&gt;
1498726763609	addons.manager	DEBUG	Provider finished startup: &lt;unnamed-provider&gt;
1498726763914	DeferredSave.extensions.json	DEBUG	Write succeeded
1498726763914	addons.xpi-utils	DEBUG	XPI Database saved, setting schema version preference to 19
1498726763914	DeferredSave.extensions.json	DEBUG	Starting timer
1498726763936	DeferredSave.extensions.json	DEBUG	Starting write
1498726764349	addons.repository	DEBUG	No addons.json found.
1498726764351	DeferredSave.addons.json	DEBUG	Save changes
1498726764353	DeferredSave.addons.json	DEBUG	Starting timer
1498726764681	addons.manager	DEBUG	Starting provider: PreviousExperimentProvider
1498726764681	addons.manager	DEBUG	Registering shutdown blocker for PreviousExperimentProvider
1498726764681	addons.manager	DEBUG	Provider finished startup: PreviousExperimentProvider
1498726765419	DeferredSave.addons.json	DEBUG	Starting write
1498726765455	DeferredSave.extensions.json	DEBUG	Write succeeded
1498726765483	DeferredSave.addons.json	DEBUG	Write succeeded
[GPU 3060] WARNING: pipe error: 109: file c:/builds/moz2_slave/m-rel-w32-00000000000000000000/build/src/ipc/chromium/src/chrome/common/ipc_channel_win.cc, line 346
1498726778088	addons.xpi	DEBUG	Calling bootstrap method shutdown on webcompat@mozilla.org version 1.1
1498726778088	addons.xpi	DEBUG	Calling bootstrap method shutdown on screenshots@mozilla.org version 6.6.0
1498726778089	addons.xpi	DEBUG	Calling bootstrap method shutdown on firefox@getpocket.com version 1.0.5
1498726778090	addons.xpi	DEBUG	Calling bootstrap method shutdown on e10srollout@mozilla.org version 1.50
1498726778091	addons.xpi	DEBUG	Calling bootstrap method shutdown on aushelper@mozilla.org version 2.0
[GPU 3060] WARNING: pipe error: 109: file c:/builds/moz2_slave/m-rel-w32-00000000000000000000/build/src/ipc/chromium/src/chrome/common/ipc_channel_win.cc, line 346
[Child 7480] WARNING: pipe error: 109: file c:/builds/moz2_slave/m-rel-w32-00000000000000000000/build/src/ipc/chromium/src/chrome/common/ipc_channel_win.cc, line 346
[Child 7480] WARNING: pipe error: 109: file c:/builds/moz2_slave/m-rel-w32-00000000000000000000/build/src/ipc/chromium/src/chrome/common/ipc_channel_win.cc, line 346
1498726778460	addons.manager	DEBUG	shutdown
1498726778460	addons.manager	DEBUG	Calling shutdown blocker for XPIProvider
1498726778461	addons.xpi	DEBUG	shutdown
1498726778461	addons.xpi-utils	DEBUG	shutdown
1498726778461	addons.manager	DEBUG	Calling shutdown blocker for LightweightThemeManager
1498726778462	addons.manager	DEBUG	Calling shutdown blocker for GMPProvider
1498726778464	addons.manager	DEBUG	Calling shutdown blocker for PluginProvider
1498726778464	addons.manager	DEBUG	Calling shutdown blocker for &lt;unnamed-provider&gt;
1498726778466	addons.manager	DEBUG	Calling shutdown blocker for PreviousExperimentProvider
1498726778468	addons.xpi	DEBUG	Notifying XPI shutdown observers
1498726778473	addons.manager	DEBUG	Async provider shutdown done

###!!! [Child][MessageChannel::SendAndWait] Error: Channel error: cannot send/recv


Build info: version: &apos;2.53.0&apos;, revision: &apos;35ae25b1534ae328c771e0856c93e187490ca824&apos;, time: &apos;2016-03-15 10:43:46&apos;
System info: host: &apos;VWIJECH-PC&apos;, ip: &apos;192.168.1.8&apos;, os.name: &apos;Windows 7&apos;, os.arch: &apos;amd64&apos;, os.version: &apos;6.1&apos;, java.version: &apos;1.8.0_121&apos;
Driver info: driver.version: FirefoxDriver
	at org.openqa.selenium.firefox.internal.NewProfileExtensionConnection.start(NewProfileExtensionConnection.java:125)
	at org.openqa.selenium.firefox.FirefoxDriver.startClient(FirefoxDriver.java:271)
	at org.openqa.selenium.remote.RemoteWebDriver.&lt;init&gt;(RemoteWebDriver.java:119)
	at org.openqa.selenium.firefox.FirefoxDriver.&lt;init&gt;(FirefoxDriver.java:216)
	at org.openqa.selenium.firefox.FirefoxDriver.&lt;init&gt;(FirefoxDriver.java:211)
	at org.openqa.selenium.firefox.FirefoxDriver.&lt;init&gt;(FirefoxDriver.java:207)
	at org.openqa.selenium.firefox.FirefoxDriver.&lt;init&gt;(FirefoxDriver.java:120)
	at utilities.BaseClass.setUp(BaseClass.java:40)
	at sun.reflect.NativeMethodAccessorImpl.invoke0(Native Method)
	at sun.reflect.NativeMethodAccessorImpl.invoke(Unknown Source)
	at sun.reflect.DelegatingMethodAccessorImpl.invoke(Unknown Source)
	at java.lang.reflect.Method.invoke(Unknown Source)
	at org.testng.internal.MethodInvocationHelper.invokeMethod(MethodInvocationHelper.java:108)
	at org.testng.internal.Invoker.invokeConfigurationMethod(Invoker.java:523)
	at org.testng.internal.Invoker.invokeConfigurations(Invoker.java:224)
	at org.testng.internal.Invoker.invokeConfigurations(Invoker.java:146)
	at org.testng.internal.TestMethodWorker.invokeBeforeClassMethods(TestMethodWorker.java:166)
	at org.testng.internal.TestMethodWorker.run(TestMethodWorker.java:105)
	at org.testng.TestRunner.privateRun(TestRunner.java:744)
	at org.testng.TestRunner.run(TestRunner.java:602)
	at org.testng.SuiteRunner.runTest(SuiteRunner.java:380)
	at org.testng.SuiteRunner.runSequentially(SuiteRunner.java:375)
	at org.testng.SuiteRunner.privateRun(SuiteRunner.java:340)
	at org.testng.SuiteRunner.run(SuiteRunner.java:289)
	at org.testng.SuiteRunnerWorker.runSuite(SuiteRunnerWorker.java:52)
	at org.testng.SuiteRunnerWorker.run(SuiteRunnerWorker.java:86)
	at org.testng.TestNG.runSuitesSequentially(TestNG.java:1301)
	at org.testng.TestNG.runSuitesLocally(TestNG.java:1226)
	at org.testng.TestNG.runSuites(TestNG.java:1144)
	at org.testng.TestNG.run(TestNG.java:1115)
	at org.testng.remote.AbstractRemoteTestNG.run(AbstractRemoteTestNG.java:132)
	at org.testng.remote.RemoteTestNG.initAndRun(RemoteTestNG.java:230)
	at org.testng.remote.RemoteTestNG.main(RemoteTestNG.java:76)
Caused by: org.openqa.selenium.firefox.NotConnectedException: Unable to connect to host 127.0.0.1 on port 7055 after 45000 ms. Firefox console output:
down blocker for XPIProvider
1498726760330	addons.manager	DEBUG	Provider finished startup: XPIProvider
1498726760330	addons.manager	DEBUG	Starting provider: LightweightThemeManager
1498726760330	addons.manager	DEBUG	Registering shutdown blocker for LightweightThemeManager
1498726760331	addons.manager	DEBUG	Provider finished startup: LightweightThemeManager
1498726760331	addons.manager	DEBUG	Starting provider: GMPProvider
1498726760336	addons.manager	DEBUG	Registering shutdown blocker for GMPProvider
1498726760337	addons.manager	DEBUG	Provider finished startup: GMPProvider
1498726760337	addons.manager	DEBUG	Starting provider: PluginProvider
1498726760337	addons.manager	DEBUG	Registering shutdown blocker for PluginProvider
1498726760337	addons.manager	DEBUG	Provider finished startup: PluginProvider
1498726760338	addons.manager	DEBUG	Completed startup sequence
1498726763608	addons.manager	DEBUG	Starting provider: &lt;unnamed-provider&gt;
1498726763608	addons.manager	DEBUG	Registering shutdown blocker for &lt;unnamed-provider&gt;
1498726763609	addons.manager	DEBUG	Provider finished startup: &lt;unnamed-provider&gt;
1498726763914	DeferredSave.extensions.json	DEBUG	Write succeeded
1498726763914	addons.xpi-utils	DEBUG	XPI Database saved, setting schema version preference to 19
1498726763914	DeferredSave.extensions.json	DEBUG	Starting timer
1498726763936	DeferredSave.extensions.json	DEBUG	Starting write
1498726764349	addons.repository	DEBUG	No addons.json found.
1498726764351	DeferredSave.addons.json	DEBUG	Save changes
1498726764353	DeferredSave.addons.json	DEBUG	Starting timer
1498726764681	addons.manager	DEBUG	Starting provider: PreviousExperimentProvider
1498726764681	addons.manager	DEBUG	Registering shutdown blocker for PreviousExperimentProvider
1498726764681	addons.manager	DEBUG	Provider finished startup: PreviousExperimentProvider
1498726765419	DeferredSave.addons.json	DEBUG	Starting write
1498726765455	DeferredSave.extensions.json	DEBUG	Write succeeded
1498726765483	DeferredSave.addons.json	DEBUG	Write succeeded
[GPU 3060] WARNING: pipe error: 109: file c:/builds/moz2_slave/m-rel-w32-00000000000000000000/build/src/ipc/chromium/src/chrome/common/ipc_channel_win.cc, line 346
1498726778088	addons.xpi	DEBUG	Calling bootstrap method shutdown on webcompat@mozilla.org version 1.1
1498726778088	addons.xpi	DEBUG	Calling bootstrap method shutdown on screenshots@mozilla.org version 6.6.0
1498726778089	addons.xpi	DEBUG	Calling bootstrap method shutdown on firefox@getpocket.com version 1.0.5
1498726778090	addons.xpi	DEBUG	Calling bootstrap method shutdown on e10srollout@mozilla.org version 1.50
1498726778091	addons.xpi	DEBUG	Calling bootstrap method shutdown on aushelper@mozilla.org version 2.0
[GPU 3060] WARNING: pipe error: 109: file c:/builds/moz2_slave/m-rel-w32-00000000000000000000/build/src/ipc/chromium/src/chrome/common/ipc_channel_win.cc, line 346
[Child 7480] WARNING: pipe error: 109: file c:/builds/moz2_slave/m-rel-w32-00000000000000000000/build/src/ipc/chromium/src/chrome/common/ipc_channel_win.cc, line 346
[Child 7480] WARNING: pipe error: 109: file c:/builds/moz2_slave/m-rel-w32-00000000000000000000/build/src/ipc/chromium/src/chrome/common/ipc_channel_win.cc, line 346
1498726778460	addons.manager	DEBUG	shutdown
1498726778460	addons.manager	DEBUG	Calling shutdown blocker for XPIProvider
1498726778461	addons.xpi	DEBUG	shutdown
1498726778461	addons.xpi-utils	DEBUG	shutdown
1498726778461	addons.manager	DEBUG	Calling shutdown blocker for LightweightThemeManager
1498726778462	addons.manager	DEBUG	Calling shutdown blocker for GMPProvider
1498726778464	addons.manager	DEBUG	Calling shutdown blocker for PluginProvider
1498726778464	addons.manager	DEBUG	Calling shutdown blocker for &lt;unnamed-provider&gt;
1498726778466	addons.manager	DEBUG	Calling shutdown blocker for PreviousExperimentProvider
1498726778468	addons.xpi	DEBUG	Notifying XPI shutdown observers
1498726778473	addons.manager	DEBUG	Async provider shutdown done

###!!! [Child][MessageChannel::SendAndWait] Error: Channel error: cannot send/recv


	at org.openqa.selenium.firefox.internal.NewProfileExtensionConnection.start(NewProfileExtensionConnection.java:113)
	... 32 more
</pre></div><a href='#' onClick='toggleBox("stack-trace888473870", this, "Click to show all stack frames", "Click to hide stack frames")'>Click to show all stack frames</a>
<div class='stack-trace' id='stack-trace888473870'><pre>org.openqa.selenium.WebDriverException: Failed to connect to binary FirefoxBinary(C:\Program Files (x86)\Mozilla Firefox\firefox.exe) on port 7055; process output follows: 
down blocker for XPIProvider
1498726760330	addons.manager	DEBUG	Provider finished startup: XPIProvider
1498726760330	addons.manager	DEBUG	Starting provider: LightweightThemeManager
1498726760330	addons.manager	DEBUG	Registering shutdown blocker for LightweightThemeManager
1498726760331	addons.manager	DEBUG	Provider finished startup: LightweightThemeManager
1498726760331	addons.manager	DEBUG	Starting provider: GMPProvider
1498726760336	addons.manager	DEBUG	Registering shutdown blocker for GMPProvider
1498726760337	addons.manager	DEBUG	Provider finished startup: GMPProvider
1498726760337	addons.manager	DEBUG	Starting provider: PluginProvider
1498726760337	addons.manager	DEBUG	Registering shutdown blocker for PluginProvider
1498726760337	addons.manager	DEBUG	Provider finished startup: PluginProvider
1498726760338	addons.manager	DEBUG	Completed startup sequence
1498726763608	addons.manager	DEBUG	Starting provider: &lt;unnamed-provider&gt;
1498726763608	addons.manager	DEBUG	Registering shutdown blocker for &lt;unnamed-provider&gt;
1498726763609	addons.manager	DEBUG	Provider finished startup: &lt;unnamed-provider&gt;
1498726763914	DeferredSave.extensions.json	DEBUG	Write succeeded
1498726763914	addons.xpi-utils	DEBUG	XPI Database saved, setting schema version preference to 19
1498726763914	DeferredSave.extensions.json	DEBUG	Starting timer
1498726763936	DeferredSave.extensions.json	DEBUG	Starting write
1498726764349	addons.repository	DEBUG	No addons.json found.
1498726764351	DeferredSave.addons.json	DEBUG	Save changes
1498726764353	DeferredSave.addons.json	DEBUG	Starting timer
1498726764681	addons.manager	DEBUG	Starting provider: PreviousExperimentProvider
1498726764681	addons.manager	DEBUG	Registering shutdown blocker for PreviousExperimentProvider
1498726764681	addons.manager	DEBUG	Provider finished startup: PreviousExperimentProvider
1498726765419	DeferredSave.addons.json	DEBUG	Starting write
1498726765455	DeferredSave.extensions.json	DEBUG	Write succeeded
1498726765483	DeferredSave.addons.json	DEBUG	Write succeeded
[GPU 3060] WARNING: pipe error: 109: file c:/builds/moz2_slave/m-rel-w32-00000000000000000000/build/src/ipc/chromium/src/chrome/common/ipc_channel_win.cc, line 346
1498726778088	addons.xpi	DEBUG	Calling bootstrap method shutdown on webcompat@mozilla.org version 1.1
1498726778088	addons.xpi	DEBUG	Calling bootstrap method shutdown on screenshots@mozilla.org version 6.6.0
1498726778089	addons.xpi	DEBUG	Calling bootstrap method shutdown on firefox@getpocket.com version 1.0.5
1498726778090	addons.xpi	DEBUG	Calling bootstrap method shutdown on e10srollout@mozilla.org version 1.50
1498726778091	addons.xpi	DEBUG	Calling bootstrap method shutdown on aushelper@mozilla.org version 2.0
[GPU 3060] WARNING: pipe error: 109: file c:/builds/moz2_slave/m-rel-w32-00000000000000000000/build/src/ipc/chromium/src/chrome/common/ipc_channel_win.cc, line 346
[Child 7480] WARNING: pipe error: 109: file c:/builds/moz2_slave/m-rel-w32-00000000000000000000/build/src/ipc/chromium/src/chrome/common/ipc_channel_win.cc, line 346
[Child 7480] WARNING: pipe error: 109: file c:/builds/moz2_slave/m-rel-w32-00000000000000000000/build/src/ipc/chromium/src/chrome/common/ipc_channel_win.cc, line 346
1498726778460	addons.manager	DEBUG	shutdown
1498726778460	addons.manager	DEBUG	Calling shutdown blocker for XPIProvider
1498726778461	addons.xpi	DEBUG	shutdown
1498726778461	addons.xpi-utils	DEBUG	shutdown
1498726778461	addons.manager	DEBUG	Calling shutdown blocker for LightweightThemeManager
1498726778462	addons.manager	DEBUG	Calling shutdown blocker for GMPProvider
1498726778464	addons.manager	DEBUG	Calling shutdown blocker for PluginProvider
1498726778464	addons.manager	DEBUG	Calling shutdown blocker for &lt;unnamed-provider&gt;
1498726778466	addons.manager	DEBUG	Calling shutdown blocker for PreviousExperimentProvider
1498726778468	addons.xpi	DEBUG	Notifying XPI shutdown observers
1498726778473	addons.manager	DEBUG	Async provider shutdown done

###!!! [Child][MessageChannel::SendAndWait] Error: Channel error: cannot send/recv


Build info: version: &apos;2.53.0&apos;, revision: &apos;35ae25b1534ae328c771e0856c93e187490ca824&apos;, time: &apos;2016-03-15 10:43:46&apos;
System info: host: &apos;VWIJECH-PC&apos;, ip: &apos;192.168.1.8&apos;, os.name: &apos;Windows 7&apos;, os.arch: &apos;amd64&apos;, os.version: &apos;6.1&apos;, java.version: &apos;1.8.0_121&apos;
Driver info: driver.version: FirefoxDriver
	at org.openqa.selenium.firefox.internal.NewProfileExtensionConnection.start(NewProfileExtensionConnection.java:125)
	at org.openqa.selenium.firefox.FirefoxDriver.startClient(FirefoxDriver.java:271)
	at org.openqa.selenium.remote.RemoteWebDriver.&lt;init&gt;(RemoteWebDriver.java:119)
	at org.openqa.selenium.firefox.FirefoxDriver.&lt;init&gt;(FirefoxDriver.java:216)
	at org.openqa.selenium.firefox.FirefoxDriver.&lt;init&gt;(FirefoxDriver.java:211)
	at org.openqa.selenium.firefox.FirefoxDriver.&lt;init&gt;(FirefoxDriver.java:207)
	at org.openqa.selenium.firefox.FirefoxDriver.&lt;init&gt;(FirefoxDriver.java:120)
	at utilities.BaseClass.setUp(BaseClass.java:40)
	at sun.reflect.NativeMethodAccessorImpl.invoke0(Native Method)
	at sun.reflect.NativeMethodAccessorImpl.invoke(Unknown Source)
	at sun.reflect.DelegatingMethodAccessorImpl.invoke(Unknown Source)
	at java.lang.reflect.Method.invoke(Unknown Source)
	at org.testng.internal.MethodInvocationHelper.invokeMethod(MethodInvocationHelper.java:108)
	at org.testng.internal.Invoker.invokeConfigurationMethod(Invoker.java:523)
	at org.testng.internal.Invoker.invokeConfigurations(Invoker.java:224)
	at org.testng.internal.Invoker.invokeConfigurations(Invoker.java:146)
	at org.testng.internal.TestMethodWorker.invokeBeforeClassMethods(TestMethodWorker.java:166)
	at org.testng.internal.TestMethodWorker.run(TestMethodWorker.java:105)
	at org.testng.TestRunner.privateRun(TestRunner.java:744)
	at org.testng.TestRunner.run(TestRunner.java:602)
	at org.testng.SuiteRunner.runTest(SuiteRunner.java:380)
	at org.testng.SuiteRunner.runSequentially(SuiteRunner.java:375)
	at org.testng.SuiteRunner.privateRun(SuiteRunner.java:340)
	at org.testng.SuiteRunner.run(SuiteRunner.java:289)
	at org.testng.SuiteRunnerWorker.runSuite(SuiteRunnerWorker.java:52)
	at org.testng.SuiteRunnerWorker.run(SuiteRunnerWorker.java:86)
	at org.testng.TestNG.runSuitesSequentially(TestNG.java:1301)
	at org.testng.TestNG.runSuitesLocally(TestNG.java:1226)
	at org.testng.TestNG.runSuites(TestNG.java:1144)
	at org.testng.TestNG.run(TestNG.java:1115)
	at org.testng.remote.AbstractRemoteTestNG.run(AbstractRemoteTestNG.java:132)
	at org.testng.remote.RemoteTestNG.initAndRun(RemoteTestNG.java:230)
	at org.testng.remote.RemoteTestNG.main(RemoteTestNG.java:76)
Caused by: org.openqa.selenium.firefox.NotConnectedException: Unable to connect to host 127.0.0.1 on port 7055 after 45000 ms. Firefox console output:
down blocker for XPIProvider
1498726760330	addons.manager	DEBUG	Provider finished startup: XPIProvider
1498726760330	addons.manager	DEBUG	Starting provider: LightweightThemeManager
1498726760330	addons.manager	DEBUG	Registering shutdown blocker for LightweightThemeManager
1498726760331	addons.manager	DEBUG	Provider finished startup: LightweightThemeManager
1498726760331	addons.manager	DEBUG	Starting provider: GMPProvider
1498726760336	addons.manager	DEBUG	Registering shutdown blocker for GMPProvider
1498726760337	addons.manager	DEBUG	Provider finished startup: GMPProvider
1498726760337	addons.manager	DEBUG	Starting provider: PluginProvider
1498726760337	addons.manager	DEBUG	Registering shutdown blocker for PluginProvider
1498726760337	addons.manager	DEBUG	Provider finished startup: PluginProvider
1498726760338	addons.manager	DEBUG	Completed startup sequence
1498726763608	addons.manager	DEBUG	Starting provider: &lt;unnamed-provider&gt;
1498726763608	addons.manager	DEBUG	Registering shutdown blocker for &lt;unnamed-provider&gt;
1498726763609	addons.manager	DEBUG	Provider finished startup: &lt;unnamed-provider&gt;
1498726763914	DeferredSave.extensions.json	DEBUG	Write succeeded
1498726763914	addons.xpi-utils	DEBUG	XPI Database saved, setting schema version preference to 19
1498726763914	DeferredSave.extensions.json	DEBUG	Starting timer
1498726763936	DeferredSave.extensions.json	DEBUG	Starting write
1498726764349	addons.repository	DEBUG	No addons.json found.
1498726764351	DeferredSave.addons.json	DEBUG	Save changes
1498726764353	DeferredSave.addons.json	DEBUG	Starting timer
1498726764681	addons.manager	DEBUG	Starting provider: PreviousExperimentProvider
1498726764681	addons.manager	DEBUG	Registering shutdown blocker for PreviousExperimentProvider
1498726764681	addons.manager	DEBUG	Provider finished startup: PreviousExperimentProvider
1498726765419	DeferredSave.addons.json	DEBUG	Starting write
1498726765455	DeferredSave.extensions.json	DEBUG	Write succeeded
1498726765483	DeferredSave.addons.json	DEBUG	Write succeeded
[GPU 3060] WARNING: pipe error: 109: file c:/builds/moz2_slave/m-rel-w32-00000000000000000000/build/src/ipc/chromium/src/chrome/common/ipc_channel_win.cc, line 346
1498726778088	addons.xpi	DEBUG	Calling bootstrap method shutdown on webcompat@mozilla.org version 1.1
1498726778088	addons.xpi	DEBUG	Calling bootstrap method shutdown on screenshots@mozilla.org version 6.6.0
1498726778089	addons.xpi	DEBUG	Calling bootstrap method shutdown on firefox@getpocket.com version 1.0.5
1498726778090	addons.xpi	DEBUG	Calling bootstrap method shutdown on e10srollout@mozilla.org version 1.50
1498726778091	addons.xpi	DEBUG	Calling bootstrap method shutdown on aushelper@mozilla.org version 2.0
[GPU 3060] WARNING: pipe error: 109: file c:/builds/moz2_slave/m-rel-w32-00000000000000000000/build/src/ipc/chromium/src/chrome/common/ipc_channel_win.cc, line 346
[Child 7480] WARNING: pipe error: 109: file c:/builds/moz2_slave/m-rel-w32-00000000000000000000/build/src/ipc/chromium/src/chrome/common/ipc_channel_win.cc, line 346
[Child 7480] WARNING: pipe error: 109: file c:/builds/moz2_slave/m-rel-w32-00000000000000000000/build/src/ipc/chromium/src/chrome/common/ipc_channel_win.cc, line 346
1498726778460	addons.manager	DEBUG	shutdown
1498726778460	addons.manager	DEBUG	Calling shutdown blocker for XPIProvider
1498726778461	addons.xpi	DEBUG	shutdown
1498726778461	addons.xpi-utils	DEBUG	shutdown
1498726778461	addons.manager	DEBUG	Calling shutdown blocker for LightweightThemeManager
1498726778462	addons.manager	DEBUG	Calling shutdown blocker for GMPProvider
1498726778464	addons.manager	DEBUG	Calling shutdown blocker for PluginProvider
1498726778464	addons.manager	DEBUG	Calling shutdown blocker for &lt;unnamed-provider&gt;
1498726778466	addons.manager	DEBUG	Calling shutdown blocker for PreviousExperimentProvider
1498726778468	addons.xpi	DEBUG	Notifying XPI shutdown observers
1498726778473	addons.manager	DEBUG	Async provider shutdown done

###!!! [Child][MessageChannel::SendAndWait] Error: Channel error: cannot send/recv


	at org.openqa.selenium.firefox.internal.NewProfileExtensionConnection.start(NewProfileExtensionConnection.java:113)
	... 32 more
</pre></div></td>
<td>47</td>
<td>test.ToolsDemoTest@c038203</td></tr>
<tr>
<td title='test.ToolsDemoTest.tearDown()'><b>tearDown</b><br>Test class: test.ToolsDemoTest</td>
<td><div><pre>java.lang.NullPointerException
	at utilities.BaseClass.tearDown(BaseClass.java:59)
	at sun.reflect.NativeMethodAccessorImpl.invoke0(Native Method)
	at sun.reflect.NativeMethodAccessorImpl.invoke(Unknown Source)
	at sun.reflect.DelegatingMethodAccessorImpl.invoke(Unknown Source)
	at java.lang.reflect.Method.invoke(Unknown Source)
	at org.testng.internal.MethodInvocationHelper.invokeMethod(MethodInvocationHelper.java:108)
	at org.testng.internal.Invoker.invokeConfigurationMethod(Invoker.java:523)
	at org.testng.internal.Invoker.invokeConfigurations(Invoker.java:224)
	at org.testng.internal.Invoker.invokeConfigurations(Invoker.java:146)
	at org.testng.internal.TestMethodWorker.invokeAfterClassMethods(TestMethodWorker.java:212)
	at org.testng.internal.TestMethodWorker.run(TestMethodWorker.java:112)
	at org.testng.TestRunner.privateRun(TestRunner.java:744)
	at org.testng.TestRunner.run(TestRunner.java:602)
	at org.testng.SuiteRunner.runTest(SuiteRunner.java:380)
	at org.testng.SuiteRunner.runSequentially(SuiteRunner.java:375)
	at org.testng.SuiteRunner.privateRun(SuiteRunner.java:340)
	at org.testng.SuiteRunner.run(SuiteRunner.java:289)
	at org.testng.SuiteRunnerWorker.runSuite(SuiteRunnerWorker.java:52)
	at org.testng.SuiteRunnerWorker.run(SuiteRunnerWorker.java:86)
	at org.testng.TestNG.runSuitesSequentially(TestNG.java:1301)
	at org.testng.TestNG.runSuitesLocally(TestNG.java:1226)
	at org.testng.TestNG.runSuites(TestNG.java:1144)
	at org.testng.TestNG.run(TestNG.java:1115)
	at org.testng.remote.AbstractRemoteTestNG.run(AbstractRemoteTestNG.java:132)
	at org.testng.remote.RemoteTestNG.initAndRun(RemoteTestNG.java:230)
	at org.testng.remote.RemoteTestNG.main(RemoteTestNG.java:76)
</pre></div><a href='#' onClick='toggleBox("stack-trace1973233403", this, "Click to show all stack frames", "Click to hide stack frames")'>Click to show all stack frames</a>
<div class='stack-trace' id='stack-trace1973233403'><pre>java.lang.NullPointerException
	at utilities.BaseClass.tearDown(BaseClass.java:59)
	at sun.reflect.NativeMethodAccessorImpl.invoke0(Native Method)
	at sun.reflect.NativeMethodAccessorImpl.invoke(Unknown Source)
	at sun.reflect.DelegatingMethodAccessorImpl.invoke(Unknown Source)
	at java.lang.reflect.Method.invoke(Unknown Source)
	at org.testng.internal.MethodInvocationHelper.invokeMethod(MethodInvocationHelper.java:108)
	at org.testng.internal.Invoker.invokeConfigurationMethod(Invoker.java:523)
	at org.testng.internal.Invoker.invokeConfigurations(Invoker.java:224)
	at org.testng.internal.Invoker.invokeConfigurations(Invoker.java:146)
	at org.testng.internal.TestMethodWorker.invokeAfterClassMethods(TestMethodWorker.java:212)
	at org.testng.internal.TestMethodWorker.run(TestMethodWorker.java:112)
	at org.testng.TestRunner.privateRun(TestRunner.java:744)
	at org.testng.TestRunner.run(TestRunner.java:602)
	at org.testng.SuiteRunner.runTest(SuiteRunner.java:380)
	at org.testng.SuiteRunner.runSequentially(SuiteRunner.java:375)
	at org.testng.SuiteRunner.privateRun(SuiteRunner.java:340)
	at org.testng.SuiteRunner.run(SuiteRunner.java:289)
	at org.testng.SuiteRunnerWorker.runSuite(SuiteRunnerWorker.java:52)
	at org.testng.SuiteRunnerWorker.run(SuiteRunnerWorker.java:86)
	at org.testng.TestNG.runSuitesSequentially(TestNG.java:1301)
	at org.testng.TestNG.runSuitesLocally(TestNG.java:1226)
	at org.testng.TestNG.runSuites(TestNG.java:1144)
	at org.testng.TestNG.run(TestNG.java:1115)
	at org.testng.remote.AbstractRemoteTestNG.run(AbstractRemoteTestNG.java:132)
	at org.testng.remote.RemoteTestNG.initAndRun(RemoteTestNG.java:230)
	at org.testng.remote.RemoteTestNG.main(RemoteTestNG.java:76)
</pre></div></td>
<td>0</td>
<td>test.ToolsDemoTest@c038203</td></tr>
</table><p>
<table width='100%' border='1' class='invocation-skipped'>
<tr><td colspan='4' align='center'><b>SKIPPED CONFIGURATIONS</b></td></tr>
<tr><td><b>Test method</b></td>
<td width="30%"><b>Exception</b></td>
<td width="10%"><b>Time (seconds)</b></td>
<td><b>Instance</b></td>
</tr>
<tr>
<td title='test.ToolsDemoTest.openBrwsr()'><b>openBrwsr</b><br>Test class: test.ToolsDemoTest</td>
<td></td>
<td>0</td>
<td>test.ToolsDemoTest@c038203</td></tr>
</table><p>
<table width='100%' border='1' class='invocation-skipped'>
<tr><td colspan='4' align='center'><b>SKIPPED TESTS</b></td></tr>
<tr><td><b>Test method</b></td>
<td width="30%"><b>Exception</b></td>
<td width="10%"><b>Time (seconds)</b></td>
<td><b>Instance</b></td>
</tr>
<tr>
<td title='test.ToolsDemoTest.loginTest()'><b>loginTest</b><br>Test class: test.ToolsDemoTest</td>
<td><div><pre>org.openqa.selenium.WebDriverException: Failed to connect to binary FirefoxBinary(C:\Program Files (x86)\Mozilla Firefox\firefox.exe) on port 7055; process output follows: 
down blocker for XPIProvider
1498726760330	addons.manager	DEBUG	Provider finished startup: XPIProvider
1498726760330	addons.manager	DEBUG	Starting provider: LightweightThemeManager
1498726760330	addons.manager	DEBUG	Registering shutdown blocker for LightweightThemeManager
1498726760331	addons.manager	DEBUG	Provider finished startup: LightweightThemeManager
1498726760331	addons.manager	DEBUG	Starting provider: GMPProvider
1498726760336	addons.manager	DEBUG	Registering shutdown blocker for GMPProvider
1498726760337	addons.manager	DEBUG	Provider finished startup: GMPProvider
1498726760337	addons.manager	DEBUG	Starting provider: PluginProvider
1498726760337	addons.manager	DEBUG	Registering shutdown blocker for PluginProvider
1498726760337	addons.manager	DEBUG	Provider finished startup: PluginProvider
1498726760338	addons.manager	DEBUG	Completed startup sequence
1498726763608	addons.manager	DEBUG	Starting provider: &lt;unnamed-provider&gt;
1498726763608	addons.manager	DEBUG	Registering shutdown blocker for &lt;unnamed-provider&gt;
1498726763609	addons.manager	DEBUG	Provider finished startup: &lt;unnamed-provider&gt;
1498726763914	DeferredSave.extensions.json	DEBUG	Write succeeded
1498726763914	addons.xpi-utils	DEBUG	XPI Database saved, setting schema version preference to 19
1498726763914	DeferredSave.extensions.json	DEBUG	Starting timer
1498726763936	DeferredSave.extensions.json	DEBUG	Starting write
1498726764349	addons.repository	DEBUG	No addons.json found.
1498726764351	DeferredSave.addons.json	DEBUG	Save changes
1498726764353	DeferredSave.addons.json	DEBUG	Starting timer
1498726764681	addons.manager	DEBUG	Starting provider: PreviousExperimentProvider
1498726764681	addons.manager	DEBUG	Registering shutdown blocker for PreviousExperimentProvider
1498726764681	addons.manager	DEBUG	Provider finished startup: PreviousExperimentProvider
1498726765419	DeferredSave.addons.json	DEBUG	Starting write
1498726765455	DeferredSave.extensions.json	DEBUG	Write succeeded
1498726765483	DeferredSave.addons.json	DEBUG	Write succeeded
[GPU 3060] WARNING: pipe error: 109: file c:/builds/moz2_slave/m-rel-w32-00000000000000000000/build/src/ipc/chromium/src/chrome/common/ipc_channel_win.cc, line 346
1498726778088	addons.xpi	DEBUG	Calling bootstrap method shutdown on webcompat@mozilla.org version 1.1
1498726778088	addons.xpi	DEBUG	Calling bootstrap method shutdown on screenshots@mozilla.org version 6.6.0
1498726778089	addons.xpi	DEBUG	Calling bootstrap method shutdown on firefox@getpocket.com version 1.0.5
1498726778090	addons.xpi	DEBUG	Calling bootstrap method shutdown on e10srollout@mozilla.org version 1.50
1498726778091	addons.xpi	DEBUG	Calling bootstrap method shutdown on aushelper@mozilla.org version 2.0
[GPU 3060] WARNING: pipe error: 109: file c:/builds/moz2_slave/m-rel-w32-00000000000000000000/build/src/ipc/chromium/src/chrome/common/ipc_channel_win.cc, line 346
[Child 7480] WARNING: pipe error: 109: file c:/builds/moz2_slave/m-rel-w32-00000000000000000000/build/src/ipc/chromium/src/chrome/common/ipc_channel_win.cc, line 346
[Child 7480] WARNING: pipe error: 109: file c:/builds/moz2_slave/m-rel-w32-00000000000000000000/build/src/ipc/chromium/src/chrome/common/ipc_channel_win.cc, line 346
1498726778460	addons.manager	DEBUG	shutdown
1498726778460	addons.manager	DEBUG	Calling shutdown blocker for XPIProvider
1498726778461	addons.xpi	DEBUG	shutdown
1498726778461	addons.xpi-utils	DEBUG	shutdown
1498726778461	addons.manager	DEBUG	Calling shutdown blocker for LightweightThemeManager
1498726778462	addons.manager	DEBUG	Calling shutdown blocker for GMPProvider
1498726778464	addons.manager	DEBUG	Calling shutdown blocker for PluginProvider
1498726778464	addons.manager	DEBUG	Calling shutdown blocker for &lt;unnamed-provider&gt;
1498726778466	addons.manager	DEBUG	Calling shutdown blocker for PreviousExperimentProvider
1498726778468	addons.xpi	DEBUG	Notifying XPI shutdown observers
1498726778473	addons.manager	DEBUG	Async provider shutdown done

###!!! [Child][MessageChannel::SendAndWait] Error: Channel error: cannot send/recv


Build info: version: &apos;2.53.0&apos;, revision: &apos;35ae25b1534ae328c771e0856c93e187490ca824&apos;, time: &apos;2016-03-15 10:43:46&apos;
System info: host: &apos;VWIJECH-PC&apos;, ip: &apos;192.168.1.8&apos;, os.name: &apos;Windows 7&apos;, os.arch: &apos;amd64&apos;, os.version: &apos;6.1&apos;, java.version: &apos;1.8.0_121&apos;
Driver info: driver.version: FirefoxDriver
	at org.openqa.selenium.firefox.internal.NewProfileExtensionConnection.start(NewProfileExtensionConnection.java:125)
	at org.openqa.selenium.firefox.FirefoxDriver.startClient(FirefoxDriver.java:271)
	at org.openqa.selenium.remote.RemoteWebDriver.&lt;init&gt;(RemoteWebDriver.java:119)
	at org.openqa.selenium.firefox.FirefoxDriver.&lt;init&gt;(FirefoxDriver.java:216)
	at org.openqa.selenium.firefox.FirefoxDriver.&lt;init&gt;(FirefoxDriver.java:211)
	at org.openqa.selenium.firefox.FirefoxDriver.&lt;init&gt;(FirefoxDriver.java:207)
	at org.openqa.selenium.firefox.FirefoxDriver.&lt;init&gt;(FirefoxDriver.java:120)
	at utilities.BaseClass.setUp(BaseClass.java:40)
	at sun.reflect.NativeMethodAccessorImpl.invoke0(Native Method)
	at sun.reflect.NativeMethodAccessorImpl.invoke(Unknown Source)
	at sun.reflect.DelegatingMethodAccessorImpl.invoke(Unknown Source)
	at java.lang.reflect.Method.invoke(Unknown Source)
	at org.testng.internal.MethodInvocationHelper.invokeMethod(MethodInvocationHelper.java:108)
	at org.testng.internal.Invoker.invokeConfigurationMethod(Invoker.java:523)
	at org.testng.internal.Invoker.invokeConfigurations(Invoker.java:224)
	at org.testng.internal.Invoker.invokeConfigurations(Invoker.java:146)
	at org.testng.internal.TestMethodWorker.invokeBeforeClassMethods(TestMethodWorker.java:166)
	at org.testng.internal.TestMethodWorker.run(TestMethodWorker.java:105)
	at org.testng.TestRunner.privateRun(TestRunner.java:744)
	at org.testng.TestRunner.run(TestRunner.java:602)
	at org.testng.SuiteRunner.runTest(SuiteRunner.java:380)
	at org.testng.SuiteRunner.runSequentially(SuiteRunner.java:375)
	at org.testng.SuiteRunner.privateRun(SuiteRunner.java:340)
	at org.testng.SuiteRunner.run(SuiteRunner.java:289)
	at org.testng.SuiteRunnerWorker.runSuite(SuiteRunnerWorker.java:52)
	at org.testng.SuiteRunnerWorker.run(SuiteRunnerWorker.java:86)
	at org.testng.TestNG.runSuitesSequentially(TestNG.java:1301)
	at org.testng.TestNG.runSuitesLocally(TestNG.java:1226)
	at org.testng.TestNG.runSuites(TestNG.java:1144)
	at org.testng.TestNG.run(TestNG.java:1115)
	at org.testng.remote.AbstractRemoteTestNG.run(AbstractRemoteTestNG.java:132)
	at org.testng.remote.RemoteTestNG.initAndRun(RemoteTestNG.java:230)
	at org.testng.remote.RemoteTestNG.main(RemoteTestNG.java:76)
Caused by: org.openqa.selenium.firefox.NotConnectedException: Unable to connect to host 127.0.0.1 on port 7055 after 45000 ms. Firefox console output:
down blocker for XPIProvider
1498726760330	addons.manager	DEBUG	Provider finished startup: XPIProvider
1498726760330	addons.manager	DEBUG	Starting provider: LightweightThemeManager
1498726760330	addons.manager	DEBUG	Registering shutdown blocker for LightweightThemeManager
1498726760331	addons.manager	DEBUG	Provider finished startup: LightweightThemeManager
1498726760331	addons.manager	DEBUG	Starting provider: GMPProvider
1498726760336	addons.manager	DEBUG	Registering shutdown blocker for GMPProvider
1498726760337	addons.manager	DEBUG	Provider finished startup: GMPProvider
1498726760337	addons.manager	DEBUG	Starting provider: PluginProvider
1498726760337	addons.manager	DEBUG	Registering shutdown blocker for PluginProvider
1498726760337	addons.manager	DEBUG	Provider finished startup: PluginProvider
1498726760338	addons.manager	DEBUG	Completed startup sequence
1498726763608	addons.manager	DEBUG	Starting provider: &lt;unnamed-provider&gt;
1498726763608	addons.manager	DEBUG	Registering shutdown blocker for &lt;unnamed-provider&gt;
1498726763609	addons.manager	DEBUG	Provider finished startup: &lt;unnamed-provider&gt;
1498726763914	DeferredSave.extensions.json	DEBUG	Write succeeded
1498726763914	addons.xpi-utils	DEBUG	XPI Database saved, setting schema version preference to 19
1498726763914	DeferredSave.extensions.json	DEBUG	Starting timer
1498726763936	DeferredSave.extensions.json	DEBUG	Starting write
1498726764349	addons.repository	DEBUG	No addons.json found.
1498726764351	DeferredSave.addons.json	DEBUG	Save changes
1498726764353	DeferredSave.addons.json	DEBUG	Starting timer
1498726764681	addons.manager	DEBUG	Starting provider: PreviousExperimentProvider
1498726764681	addons.manager	DEBUG	Registering shutdown blocker for PreviousExperimentProvider
1498726764681	addons.manager	DEBUG	Provider finished startup: PreviousExperimentProvider
1498726765419	DeferredSave.addons.json	DEBUG	Starting write
1498726765455	DeferredSave.extensions.json	DEBUG	Write succeeded
1498726765483	DeferredSave.addons.json	DEBUG	Write succeeded
[GPU 3060] WARNING: pipe error: 109: file c:/builds/moz2_slave/m-rel-w32-00000000000000000000/build/src/ipc/chromium/src/chrome/common/ipc_channel_win.cc, line 346
1498726778088	addons.xpi	DEBUG	Calling bootstrap method shutdown on webcompat@mozilla.org version 1.1
1498726778088	addons.xpi	DEBUG	Calling bootstrap method shutdown on screenshots@mozilla.org version 6.6.0
1498726778089	addons.xpi	DEBUG	Calling bootstrap method shutdown on firefox@getpocket.com version 1.0.5
1498726778090	addons.xpi	DEBUG	Calling bootstrap method shutdown on e10srollout@mozilla.org version 1.50
1498726778091	addons.xpi	DEBUG	Calling bootstrap method shutdown on aushelper@mozilla.org version 2.0
[GPU 3060] WARNING: pipe error: 109: file c:/builds/moz2_slave/m-rel-w32-00000000000000000000/build/src/ipc/chromium/src/chrome/common/ipc_channel_win.cc, line 346
[Child 7480] WARNING: pipe error: 109: file c:/builds/moz2_slave/m-rel-w32-00000000000000000000/build/src/ipc/chromium/src/chrome/common/ipc_channel_win.cc, line 346
[Child 7480] WARNING: pipe error: 109: file c:/builds/moz2_slave/m-rel-w32-00000000000000000000/build/src/ipc/chromium/src/chrome/common/ipc_channel_win.cc, line 346
1498726778460	addons.manager	DEBUG	shutdown
1498726778460	addons.manager	DEBUG	Calling shutdown blocker for XPIProvider
1498726778461	addons.xpi	DEBUG	shutdown
1498726778461	addons.xpi-utils	DEBUG	shutdown
1498726778461	addons.manager	DEBUG	Calling shutdown blocker for LightweightThemeManager
1498726778462	addons.manager	DEBUG	Calling shutdown blocker for GMPProvider
1498726778464	addons.manager	DEBUG	Calling shutdown blocker for PluginProvider
1498726778464	addons.manager	DEBUG	Calling shutdown blocker for &lt;unnamed-provider&gt;
1498726778466	addons.manager	DEBUG	Calling shutdown blocker for PreviousExperimentProvider
1498726778468	addons.xpi	DEBUG	Notifying XPI shutdown observers
1498726778473	addons.manager	DEBUG	Async provider shutdown done

###!!! [Child][MessageChannel::SendAndWait] Error: Channel error: cannot send/recv


	at org.openqa.selenium.firefox.internal.NewProfileExtensionConnection.start(NewProfileExtensionConnection.java:113)
	... 32 more
</pre></div><a href='#' onClick='toggleBox("stack-trace1270038388", this, "Click to show all stack frames", "Click to hide stack frames")'>Click to show all stack frames</a>
<div class='stack-trace' id='stack-trace1270038388'><pre>org.openqa.selenium.WebDriverException: Failed to connect to binary FirefoxBinary(C:\Program Files (x86)\Mozilla Firefox\firefox.exe) on port 7055; process output follows: 
down blocker for XPIProvider
1498726760330	addons.manager	DEBUG	Provider finished startup: XPIProvider
1498726760330	addons.manager	DEBUG	Starting provider: LightweightThemeManager
1498726760330	addons.manager	DEBUG	Registering shutdown blocker for LightweightThemeManager
1498726760331	addons.manager	DEBUG	Provider finished startup: LightweightThemeManager
1498726760331	addons.manager	DEBUG	Starting provider: GMPProvider
1498726760336	addons.manager	DEBUG	Registering shutdown blocker for GMPProvider
1498726760337	addons.manager	DEBUG	Provider finished startup: GMPProvider
1498726760337	addons.manager	DEBUG	Starting provider: PluginProvider
1498726760337	addons.manager	DEBUG	Registering shutdown blocker for PluginProvider
1498726760337	addons.manager	DEBUG	Provider finished startup: PluginProvider
1498726760338	addons.manager	DEBUG	Completed startup sequence
1498726763608	addons.manager	DEBUG	Starting provider: &lt;unnamed-provider&gt;
1498726763608	addons.manager	DEBUG	Registering shutdown blocker for &lt;unnamed-provider&gt;
1498726763609	addons.manager	DEBUG	Provider finished startup: &lt;unnamed-provider&gt;
1498726763914	DeferredSave.extensions.json	DEBUG	Write succeeded
1498726763914	addons.xpi-utils	DEBUG	XPI Database saved, setting schema version preference to 19
1498726763914	DeferredSave.extensions.json	DEBUG	Starting timer
1498726763936	DeferredSave.extensions.json	DEBUG	Starting write
1498726764349	addons.repository	DEBUG	No addons.json found.
1498726764351	DeferredSave.addons.json	DEBUG	Save changes
1498726764353	DeferredSave.addons.json	DEBUG	Starting timer
1498726764681	addons.manager	DEBUG	Starting provider: PreviousExperimentProvider
1498726764681	addons.manager	DEBUG	Registering shutdown blocker for PreviousExperimentProvider
1498726764681	addons.manager	DEBUG	Provider finished startup: PreviousExperimentProvider
1498726765419	DeferredSave.addons.json	DEBUG	Starting write
1498726765455	DeferredSave.extensions.json	DEBUG	Write succeeded
1498726765483	DeferredSave.addons.json	DEBUG	Write succeeded
[GPU 3060] WARNING: pipe error: 109: file c:/builds/moz2_slave/m-rel-w32-00000000000000000000/build/src/ipc/chromium/src/chrome/common/ipc_channel_win.cc, line 346
1498726778088	addons.xpi	DEBUG	Calling bootstrap method shutdown on webcompat@mozilla.org version 1.1
1498726778088	addons.xpi	DEBUG	Calling bootstrap method shutdown on screenshots@mozilla.org version 6.6.0
1498726778089	addons.xpi	DEBUG	Calling bootstrap method shutdown on firefox@getpocket.com version 1.0.5
1498726778090	addons.xpi	DEBUG	Calling bootstrap method shutdown on e10srollout@mozilla.org version 1.50
1498726778091	addons.xpi	DEBUG	Calling bootstrap method shutdown on aushelper@mozilla.org version 2.0
[GPU 3060] WARNING: pipe error: 109: file c:/builds/moz2_slave/m-rel-w32-00000000000000000000/build/src/ipc/chromium/src/chrome/common/ipc_channel_win.cc, line 346
[Child 7480] WARNING: pipe error: 109: file c:/builds/moz2_slave/m-rel-w32-00000000000000000000/build/src/ipc/chromium/src/chrome/common/ipc_channel_win.cc, line 346
[Child 7480] WARNING: pipe error: 109: file c:/builds/moz2_slave/m-rel-w32-00000000000000000000/build/src/ipc/chromium/src/chrome/common/ipc_channel_win.cc, line 346
1498726778460	addons.manager	DEBUG	shutdown
1498726778460	addons.manager	DEBUG	Calling shutdown blocker for XPIProvider
1498726778461	addons.xpi	DEBUG	shutdown
1498726778461	addons.xpi-utils	DEBUG	shutdown
1498726778461	addons.manager	DEBUG	Calling shutdown blocker for LightweightThemeManager
1498726778462	addons.manager	DEBUG	Calling shutdown blocker for GMPProvider
1498726778464	addons.manager	DEBUG	Calling shutdown blocker for PluginProvider
1498726778464	addons.manager	DEBUG	Calling shutdown blocker for &lt;unnamed-provider&gt;
1498726778466	addons.manager	DEBUG	Calling shutdown blocker for PreviousExperimentProvider
1498726778468	addons.xpi	DEBUG	Notifying XPI shutdown observers
1498726778473	addons.manager	DEBUG	Async provider shutdown done

###!!! [Child][MessageChannel::SendAndWait] Error: Channel error: cannot send/recv


Build info: version: &apos;2.53.0&apos;, revision: &apos;35ae25b1534ae328c771e0856c93e187490ca824&apos;, time: &apos;2016-03-15 10:43:46&apos;
System info: host: &apos;VWIJECH-PC&apos;, ip: &apos;192.168.1.8&apos;, os.name: &apos;Windows 7&apos;, os.arch: &apos;amd64&apos;, os.version: &apos;6.1&apos;, java.version: &apos;1.8.0_121&apos;
Driver info: driver.version: FirefoxDriver
	at org.openqa.selenium.firefox.internal.NewProfileExtensionConnection.start(NewProfileExtensionConnection.java:125)
	at org.openqa.selenium.firefox.FirefoxDriver.startClient(FirefoxDriver.java:271)
	at org.openqa.selenium.remote.RemoteWebDriver.&lt;init&gt;(RemoteWebDriver.java:119)
	at org.openqa.selenium.firefox.FirefoxDriver.&lt;init&gt;(FirefoxDriver.java:216)
	at org.openqa.selenium.firefox.FirefoxDriver.&lt;init&gt;(FirefoxDriver.java:211)
	at org.openqa.selenium.firefox.FirefoxDriver.&lt;init&gt;(FirefoxDriver.java:207)
	at org.openqa.selenium.firefox.FirefoxDriver.&lt;init&gt;(FirefoxDriver.java:120)
	at utilities.BaseClass.setUp(BaseClass.java:40)
	at sun.reflect.NativeMethodAccessorImpl.invoke0(Native Method)
	at sun.reflect.NativeMethodAccessorImpl.invoke(Unknown Source)
	at sun.reflect.DelegatingMethodAccessorImpl.invoke(Unknown Source)
	at java.lang.reflect.Method.invoke(Unknown Source)
	at org.testng.internal.MethodInvocationHelper.invokeMethod(MethodInvocationHelper.java:108)
	at org.testng.internal.Invoker.invokeConfigurationMethod(Invoker.java:523)
	at org.testng.internal.Invoker.invokeConfigurations(Invoker.java:224)
	at org.testng.internal.Invoker.invokeConfigurations(Invoker.java:146)
	at org.testng.internal.TestMethodWorker.invokeBeforeClassMethods(TestMethodWorker.java:166)
	at org.testng.internal.TestMethodWorker.run(TestMethodWorker.java:105)
	at org.testng.TestRunner.privateRun(TestRunner.java:744)
	at org.testng.TestRunner.run(TestRunner.java:602)
	at org.testng.SuiteRunner.runTest(SuiteRunner.java:380)
	at org.testng.SuiteRunner.runSequentially(SuiteRunner.java:375)
	at org.testng.SuiteRunner.privateRun(SuiteRunner.java:340)
	at org.testng.SuiteRunner.run(SuiteRunner.java:289)
	at org.testng.SuiteRunnerWorker.runSuite(SuiteRunnerWorker.java:52)
	at org.testng.SuiteRunnerWorker.run(SuiteRunnerWorker.java:86)
	at org.testng.TestNG.runSuitesSequentially(TestNG.java:1301)
	at org.testng.TestNG.runSuitesLocally(TestNG.java:1226)
	at org.testng.TestNG.runSuites(TestNG.java:1144)
	at org.testng.TestNG.run(TestNG.java:1115)
	at org.testng.remote.AbstractRemoteTestNG.run(AbstractRemoteTestNG.java:132)
	at org.testng.remote.RemoteTestNG.initAndRun(RemoteTestNG.java:230)
	at org.testng.remote.RemoteTestNG.main(RemoteTestNG.java:76)
Caused by: org.openqa.selenium.firefox.NotConnectedException: Unable to connect to host 127.0.0.1 on port 7055 after 45000 ms. Firefox console output:
down blocker for XPIProvider
1498726760330	addons.manager	DEBUG	Provider finished startup: XPIProvider
1498726760330	addons.manager	DEBUG	Starting provider: LightweightThemeManager
1498726760330	addons.manager	DEBUG	Registering shutdown blocker for LightweightThemeManager
1498726760331	addons.manager	DEBUG	Provider finished startup: LightweightThemeManager
1498726760331	addons.manager	DEBUG	Starting provider: GMPProvider
1498726760336	addons.manager	DEBUG	Registering shutdown blocker for GMPProvider
1498726760337	addons.manager	DEBUG	Provider finished startup: GMPProvider
1498726760337	addons.manager	DEBUG	Starting provider: PluginProvider
1498726760337	addons.manager	DEBUG	Registering shutdown blocker for PluginProvider
1498726760337	addons.manager	DEBUG	Provider finished startup: PluginProvider
1498726760338	addons.manager	DEBUG	Completed startup sequence
1498726763608	addons.manager	DEBUG	Starting provider: &lt;unnamed-provider&gt;
1498726763608	addons.manager	DEBUG	Registering shutdown blocker for &lt;unnamed-provider&gt;
1498726763609	addons.manager	DEBUG	Provider finished startup: &lt;unnamed-provider&gt;
1498726763914	DeferredSave.extensions.json	DEBUG	Write succeeded
1498726763914	addons.xpi-utils	DEBUG	XPI Database saved, setting schema version preference to 19
1498726763914	DeferredSave.extensions.json	DEBUG	Starting timer
1498726763936	DeferredSave.extensions.json	DEBUG	Starting write
1498726764349	addons.repository	DEBUG	No addons.json found.
1498726764351	DeferredSave.addons.json	DEBUG	Save changes
1498726764353	DeferredSave.addons.json	DEBUG	Starting timer
1498726764681	addons.manager	DEBUG	Starting provider: PreviousExperimentProvider
1498726764681	addons.manager	DEBUG	Registering shutdown blocker for PreviousExperimentProvider
1498726764681	addons.manager	DEBUG	Provider finished startup: PreviousExperimentProvider
1498726765419	DeferredSave.addons.json	DEBUG	Starting write
1498726765455	DeferredSave.extensions.json	DEBUG	Write succeeded
1498726765483	DeferredSave.addons.json	DEBUG	Write succeeded
[GPU 3060] WARNING: pipe error: 109: file c:/builds/moz2_slave/m-rel-w32-00000000000000000000/build/src/ipc/chromium/src/chrome/common/ipc_channel_win.cc, line 346
1498726778088	addons.xpi	DEBUG	Calling bootstrap method shutdown on webcompat@mozilla.org version 1.1
1498726778088	addons.xpi	DEBUG	Calling bootstrap method shutdown on screenshots@mozilla.org version 6.6.0
1498726778089	addons.xpi	DEBUG	Calling bootstrap method shutdown on firefox@getpocket.com version 1.0.5
1498726778090	addons.xpi	DEBUG	Calling bootstrap method shutdown on e10srollout@mozilla.org version 1.50
1498726778091	addons.xpi	DEBUG	Calling bootstrap method shutdown on aushelper@mozilla.org version 2.0
[GPU 3060] WARNING: pipe error: 109: file c:/builds/moz2_slave/m-rel-w32-00000000000000000000/build/src/ipc/chromium/src/chrome/common/ipc_channel_win.cc, line 346
[Child 7480] WARNING: pipe error: 109: file c:/builds/moz2_slave/m-rel-w32-00000000000000000000/build/src/ipc/chromium/src/chrome/common/ipc_channel_win.cc, line 346
[Child 7480] WARNING: pipe error: 109: file c:/builds/moz2_slave/m-rel-w32-00000000000000000000/build/src/ipc/chromium/src/chrome/common/ipc_channel_win.cc, line 346
1498726778460	addons.manager	DEBUG	shutdown
1498726778460	addons.manager	DEBUG	Calling shutdown blocker for XPIProvider
1498726778461	addons.xpi	DEBUG	shutdown
1498726778461	addons.xpi-utils	DEBUG	shutdown
1498726778461	addons.manager	DEBUG	Calling shutdown blocker for LightweightThemeManager
1498726778462	addons.manager	DEBUG	Calling shutdown blocker for GMPProvider
1498726778464	addons.manager	DEBUG	Calling shutdown blocker for PluginProvider
1498726778464	addons.manager	DEBUG	Calling shutdown blocker for &lt;unnamed-provider&gt;
1498726778466	addons.manager	DEBUG	Calling shutdown blocker for PreviousExperimentProvider
1498726778468	addons.xpi	DEBUG	Notifying XPI shutdown observers
1498726778473	addons.manager	DEBUG	Async provider shutdown done

###!!! [Child][MessageChannel::SendAndWait] Error: Channel error: cannot send/recv


	at org.openqa.selenium.firefox.internal.NewProfileExtensionConnection.start(NewProfileExtensionConnection.java:113)
	... 32 more
</pre></div></td>
<td>0</td>
<td>test.ToolsDemoTest@c038203</td></tr>
</table><p>
</body>
</html>